[0m18:16:18.424188 [debug] [MainThread]: Sending event: {'category': 'dbt', 'action': 'invocation', 'label': 'start', 'context': [<snowplow_tracker.self_describing_json.SelfDescribingJson object at 0x106462190>, <snowplow_tracker.self_describing_json.SelfDescribingJson object at 0x10644e510>, <snowplow_tracker.self_describing_json.SelfDescribingJson object at 0x106461ad0>]}


============================== 18:16:18.426258 | 7624ca1d-e8e1-47b1-8413-1da46867fecc ==============================
[0m18:16:18.426258 [info ] [MainThread]: Running with dbt=1.8.5
[0m18:16:18.426583 [debug] [MainThread]: running dbt with arguments {'printer_width': '80', 'indirect_selection': 'eager', 'write_json': 'True', 'log_cache_events': 'False', 'partial_parse': 'True', 'cache_selected_only': 'False', 'profiles_dir': '/Users/shivam/.dbt', 'fail_fast': 'False', 'debug': 'False', 'log_path': 'logs', 'version_check': 'True', 'warn_error': 'None', 'use_colors': 'True', 'use_experimental_parser': 'False', 'empty': 'None', 'quiet': 'False', 'no_print': 'None', 'log_format': 'default', 'invocation_command': 'dbt init jaffle_shop', 'warn_error_options': 'WarnErrorOptions(include=[], exclude=[])', 'static_parser': 'True', 'target_path': 'None', 'introspect': 'True', 'send_anonymous_usage_stats': 'True'}
[0m18:16:18.434931 [debug] [MainThread]: Starter project path: /Users/shivam/miniconda3-arm/envs/experiments/lib/python3.11/site-packages/dbt/include/starter_project
[0m18:16:18.437954 [info ] [MainThread]: 
Your new dbt project "jaffle_shop" was created!

For more information on how to configure the profiles.yml file,
please consult the dbt documentation here:

  https://docs.getdbt.com/docs/configure-your-profile

One more thing:

Need help? Don't hesitate to reach out to us via GitHub issues or on Slack:

  https://community.getdbt.com/

Happy modeling!

[0m18:16:18.438159 [info ] [MainThread]: Setting up your profile.
[0m18:17:56.947771 [info ] [MainThread]: Profile jaffle_shop written to /Users/shivam/.dbt/profiles.yml using target's profile_template.yml and your supplied values. Run 'dbt debug' to validate the connection.
[0m18:17:56.961660 [debug] [MainThread]: Resource report: {"command_name": "init", "command_success": true, "command_wall_clock_time": 98.56995, "process_user_time": 0.874284, "process_kernel_time": 0.17001, "process_mem_max_rss": "202080256", "process_in_blocks": "0", "process_out_blocks": "0"}
[0m18:17:56.962377 [debug] [MainThread]: Command `dbt init` succeeded at 18:17:56.962283 after 98.57 seconds
[0m18:17:56.962881 [debug] [MainThread]: Sending event: {'category': 'dbt', 'action': 'invocation', 'label': 'end', 'context': [<snowplow_tracker.self_describing_json.SelfDescribingJson object at 0x106416350>, <snowplow_tracker.self_describing_json.SelfDescribingJson object at 0x1061ee710>, <snowplow_tracker.self_describing_json.SelfDescribingJson object at 0x104223750>]}
[0m18:17:56.963491 [debug] [MainThread]: Flushing usage events
[0m18:27:59.466518 [debug] [MainThread]: Sending event: {'category': 'dbt', 'action': 'invocation', 'label': 'start', 'context': [<snowplow_tracker.self_describing_json.SelfDescribingJson object at 0x11908a590>, <snowplow_tracker.self_describing_json.SelfDescribingJson object at 0x119088bd0>, <snowplow_tracker.self_describing_json.SelfDescribingJson object at 0x11909f5d0>]}


============================== 18:27:59.469160 | 2a43f9bb-3ca0-441e-bb8e-1352d63222ca ==============================
[0m18:27:59.469160 [info ] [MainThread]: Running with dbt=1.8.5
[0m18:27:59.469494 [debug] [MainThread]: running dbt with arguments {'printer_width': '80', 'indirect_selection': 'eager', 'write_json': 'True', 'log_cache_events': 'False', 'partial_parse': 'True', 'cache_selected_only': 'False', 'profiles_dir': '/Users/shivam/.dbt', 'version_check': 'True', 'fail_fast': 'False', 'log_path': 'logs', 'debug': 'False', 'warn_error': 'None', 'use_colors': 'True', 'use_experimental_parser': 'False', 'no_print': 'None', 'quiet': 'False', 'empty': 'None', 'log_format': 'default', 'static_parser': 'True', 'invocation_command': 'dbt debug', 'introspect': 'True', 'target_path': 'None', 'warn_error_options': 'WarnErrorOptions(include=[], exclude=[])', 'send_anonymous_usage_stats': 'True'}
[0m18:27:59.477909 [info ] [MainThread]: dbt version: 1.8.5
[0m18:27:59.478334 [info ] [MainThread]: python version: 3.11.9
[0m18:27:59.478579 [info ] [MainThread]: python path: /Users/shivam/miniconda3-arm/envs/experiments/bin/python
[0m18:27:59.478743 [info ] [MainThread]: os info: macOS-14.3.1-arm64-arm-64bit
[0m18:27:59.481115 [info ] [MainThread]: Error importing adapter: No module named 'dbt.adapters.postgres'
[0m18:28:00.052810 [info ] [MainThread]: Using profiles dir at /Users/shivam/.dbt
[0m18:28:00.053137 [info ] [MainThread]: Using profiles.yml file at /Users/shivam/.dbt/profiles.yml
[0m18:28:00.053306 [info ] [MainThread]: Using dbt_project.yml file at /Users/shivam/play/dbt-tutorial/dbt_project.yml
[0m18:28:00.053468 [info ] [MainThread]: Configuration:
[0m18:28:00.053611 [info ] [MainThread]:   profiles.yml file [[31mERROR invalid[0m]
[0m18:28:00.053751 [info ] [MainThread]:   dbt_project.yml file [[31mERROR not found[0m]
[0m18:28:00.053887 [info ] [MainThread]: Required dependencies:
[0m18:28:00.054059 [debug] [MainThread]: Executing "git --help"
[0m18:28:00.072420 [debug] [MainThread]: STDOUT: "b"usage: git [-v | --version] [-h | --help] [-C <path>] [-c <name>=<value>]\n           [--exec-path[=<path>]] [--html-path] [--man-path] [--info-path]\n           [-p | --paginate | -P | --no-pager] [--no-replace-objects] [--bare]\n           [--git-dir=<path>] [--work-tree=<path>] [--namespace=<name>]\n           [--super-prefix=<path>] [--config-env=<name>=<envvar>]\n           <command> [<args>]\n\nThese are common Git commands used in various situations:\n\nstart a working area (see also: git help tutorial)\n   clone     Clone a repository into a new directory\n   init      Create an empty Git repository or reinitialize an existing one\n\nwork on the current change (see also: git help everyday)\n   add       Add file contents to the index\n   mv        Move or rename a file, a directory, or a symlink\n   restore   Restore working tree files\n   rm        Remove files from the working tree and from the index\n\nexamine the history and state (see also: git help revisions)\n   bisect    Use binary search to find the commit that introduced a bug\n   diff      Show changes between commits, commit and working tree, etc\n   grep      Print lines matching a pattern\n   log       Show commit logs\n   show      Show various types of objects\n   status    Show the working tree status\n\ngrow, mark and tweak your common history\n   branch    List, create, or delete branches\n   commit    Record changes to the repository\n   merge     Join two or more development histories together\n   rebase    Reapply commits on top of another base tip\n   reset     Reset current HEAD to the specified state\n   switch    Switch branches\n   tag       Create, list, delete or verify a tag object signed with GPG\n\ncollaborate (see also: git help workflows)\n   fetch     Download objects and refs from another repository\n   pull      Fetch from and integrate with another repository or a local branch\n   push      Update remote refs along with associated objects\n\n'git help -a' and 'git help -g' list available subcommands and some\nconcept guides. See 'git help <command>' or 'git help <concept>'\nto read about a specific subcommand or concept.\nSee 'git help git' for an overview of the system.\n""
[0m18:28:00.073273 [debug] [MainThread]: STDERR: "b''"
[0m18:28:00.073513 [info ] [MainThread]:  - git [[32mOK found[0m]

[0m18:28:00.073722 [info ] [MainThread]: Connection test skipped since no profile was found
[0m18:28:00.073970 [info ] [MainThread]: [31m2 checks failed:[0m
[0m18:28:00.074221 [info ] [MainThread]: Could not load dbt_project.yml
Profile loading failed for the following reason:
Runtime Error
  Credentials in profile "dbt_first_project", target "dev" invalid: Runtime Error
    Could not find adapter type postgres!


[0m18:28:00.074529 [info ] [MainThread]: Project loading failed for the following reason:
 project path </Users/shivam/play/dbt-tutorial/dbt_project.yml> not found

[0m18:28:00.079001 [debug] [MainThread]: Resource report: {"command_name": "debug", "command_wall_clock_time": 0.64370155, "process_user_time": 0.862883, "process_kernel_time": 0.208578, "process_mem_max_rss": "200130560", "command_success": false, "process_in_blocks": "0", "process_out_blocks": "0"}
[0m18:28:00.079510 [debug] [MainThread]: Command `dbt debug` failed at 18:28:00.079434 after 0.64 seconds
[0m18:28:00.079862 [debug] [MainThread]: Sending event: {'category': 'dbt', 'action': 'invocation', 'label': 'end', 'context': [<snowplow_tracker.self_describing_json.SelfDescribingJson object at 0x1190c3010>, <snowplow_tracker.self_describing_json.SelfDescribingJson object at 0x1190b1c50>, <snowplow_tracker.self_describing_json.SelfDescribingJson object at 0x102d7fc90>]}
[0m18:28:00.080227 [debug] [MainThread]: Flushing usage events
